2024-04-30T12:04:47.942+05:30  INFO 12340 --- [hostel-1] [restartedMain] com.hostel.hms.Hostel1Application        : Starting Hostel1Application using Java 17.0.2 with PID 12340 (C:\Users\2318397\Downloads\hostel-updated-1\hostel-1\target\classes started by 2318397 in C:\Users\2318397\Downloads\hostel-updated-1\hostel-1)
2024-04-30T12:04:47.986+05:30  INFO 12340 --- [hostel-1] [restartedMain] com.hostel.hms.Hostel1Application        : No active profile set, falling back to 1 default profile: "default"
2024-04-30T12:04:48.154+05:30  INFO 12340 --- [hostel-1] [restartedMain] .e.DevToolsPropertyDefaultsPostProcessor : Devtools property defaults active! Set 'spring.devtools.add-properties' to 'false' to disable
2024-04-30T12:04:48.155+05:30  INFO 12340 --- [hostel-1] [restartedMain] .e.DevToolsPropertyDefaultsPostProcessor : For additional web related logging consider setting the 'logging.level.web' property to 'DEBUG'
2024-04-30T12:04:50.675+05:30  INFO 12340 --- [hostel-1] [restartedMain] .s.d.r.c.RepositoryConfigurationDelegate : Bootstrapping Spring Data JPA repositories in DEFAULT mode.
2024-04-30T12:04:50.854+05:30  INFO 12340 --- [hostel-1] [restartedMain] .s.d.r.c.RepositoryConfigurationDelegate : Finished Spring Data repository scanning in 162 ms. Found 4 JPA repository interfaces.
2024-04-30T12:04:52.869+05:30  INFO 12340 --- [hostel-1] [restartedMain] o.s.b.w.embedded.tomcat.TomcatWebServer  : Tomcat initialized with port 8081 (http)
2024-04-30T12:04:52.906+05:30  INFO 12340 --- [hostel-1] [restartedMain] o.apache.catalina.core.StandardService   : Starting service [Tomcat]
2024-04-30T12:04:52.906+05:30  INFO 12340 --- [hostel-1] [restartedMain] o.apache.catalina.core.StandardEngine    : Starting Servlet engine: [Apache Tomcat/10.1.19]
2024-04-30T12:04:53.104+05:30  INFO 12340 --- [hostel-1] [restartedMain] o.a.c.c.C.[Tomcat].[localhost].[/hms]    : Initializing Spring embedded WebApplicationContext
2024-04-30T12:04:53.105+05:30  INFO 12340 --- [hostel-1] [restartedMain] w.s.c.ServletWebServerApplicationContext : Root WebApplicationContext: initialization completed in 4949 ms
2024-04-30T12:04:53.874+05:30  INFO 12340 --- [hostel-1] [restartedMain] o.hibernate.jpa.internal.util.LogHelper  : HHH000204: Processing PersistenceUnitInfo [name: default]
2024-04-30T12:04:54.117+05:30  INFO 12340 --- [hostel-1] [restartedMain] org.hibernate.Version                    : HHH000412: Hibernate ORM core version 6.4.4.Final
2024-04-30T12:04:54.223+05:30  INFO 12340 --- [hostel-1] [restartedMain] o.h.c.internal.RegionFactoryInitiator    : HHH000026: Second-level cache disabled
2024-04-30T12:04:54.820+05:30  INFO 12340 --- [hostel-1] [restartedMain] o.s.o.j.p.SpringPersistenceUnitInfo      : No LoadTimeWeaver setup: ignoring JPA class transformer
2024-04-30T12:04:54.886+05:30  INFO 12340 --- [hostel-1] [restartedMain] com.zaxxer.hikari.HikariDataSource       : HikariPool-1 - Starting...
2024-04-30T12:04:55.683+05:30  INFO 12340 --- [hostel-1] [restartedMain] com.zaxxer.hikari.pool.HikariPool        : HikariPool-1 - Added connection com.mysql.cj.jdbc.ConnectionImpl@46f36776
2024-04-30T12:04:55.694+05:30  INFO 12340 --- [hostel-1] [restartedMain] com.zaxxer.hikari.HikariDataSource       : HikariPool-1 - Start completed.
2024-04-30T12:04:57.849+05:30  INFO 12340 --- [hostel-1] [restartedMain] o.h.e.t.j.p.i.JtaPlatformInitiator       : HHH000489: No JTA platform available (set 'hibernate.transaction.jta.platform' to enable JTA platform integration)
2024-04-30T12:04:57.947+05:30  INFO 12340 --- [hostel-1] [restartedMain] j.LocalContainerEntityManagerFactoryBean : Initialized JPA EntityManagerFactory for persistence unit 'default'
2024-04-30T12:05:00.470+05:30  INFO 12340 --- [hostel-1] [restartedMain] o.s.b.d.a.OptionalLiveReloadServer       : LiveReload server is running on port 35729
2024-04-30T12:05:00.479+05:30  INFO 12340 --- [hostel-1] [restartedMain] o.s.b.a.e.web.EndpointLinksResolver      : Exposing 1 endpoint(s) beneath base path '/actuator'
2024-04-30T12:05:00.659+05:30  INFO 12340 --- [hostel-1] [restartedMain] o.s.b.w.embedded.tomcat.TomcatWebServer  : Tomcat started on port 8081 (http) with context path '/hms'
2024-04-30T12:05:00.683+05:30  INFO 12340 --- [hostel-1] [restartedMain] com.hostel.hms.Hostel1Application        : Started Hostel1Application in 13.857 seconds (process running for 15.322)
2024-04-30T12:05:11.196+05:30  INFO 12340 --- [hostel-1] [http-nio-8081-exec-1] o.a.c.c.C.[Tomcat].[localhost].[/hms]    : Initializing Spring DispatcherServlet 'dispatcherServlet'
2024-04-30T12:05:11.196+05:30  INFO 12340 --- [hostel-1] [http-nio-8081-exec-1] o.s.web.servlet.DispatcherServlet        : Initializing Servlet 'dispatcherServlet'
2024-04-30T12:05:11.197+05:30  INFO 12340 --- [hostel-1] [http-nio-8081-exec-1] o.s.web.servlet.DispatcherServlet        : Completed initialization in 1 ms
2024-04-30T12:35:36.016+05:30  WARN 12340 --- [hostel-1] [HikariPool-1 housekeeper] com.zaxxer.hikari.pool.HikariPool        : HikariPool-1 - Thread starvation or clock leap detected (housekeeper delta=1m9s744ms98µs100ns).
2024-04-30T15:54:07.681+05:30  WARN 12340 --- [hostel-1] [HikariPool-1 housekeeper] com.zaxxer.hikari.pool.HikariPool        : HikariPool-1 - Thread starvation or clock leap detected (housekeeper delta=3h18m31s664ms674µs).
2024-04-30T17:04:23.782+05:30  WARN 12340 --- [hostel-1] [HikariPool-1 housekeeper] com.zaxxer.hikari.pool.HikariPool        : HikariPool-1 - Thread starvation or clock leap detected (housekeeper delta=14m45s150ms738µs200ns).
2024-04-30T17:08:01.446+05:30  INFO 12340 --- [hostel-1] [RMI TCP Connection(2)-127.0.0.1] inMXBeanRegistrar$SpringApplicationAdmin : Application shutdown requested.
2024-04-30T17:08:01.552+05:30  INFO 12340 --- [hostel-1] [RMI TCP Connection(2)-127.0.0.1] j.LocalContainerEntityManagerFactoryBean : Closing JPA EntityManagerFactory for persistence unit 'default'
2024-04-30T17:08:01.579+05:30  INFO 12340 --- [hostel-1] [RMI TCP Connection(2)-127.0.0.1] com.zaxxer.hikari.HikariDataSource       : HikariPool-1 - Shutdown initiated...
2024-04-30T17:08:01.588+05:30  INFO 12340 --- [hostel-1] [RMI TCP Connection(2)-127.0.0.1] com.zaxxer.hikari.HikariDataSource       : HikariPool-1 - Shutdown completed.
